This file contains any messages produced by compilers while
running configure, to aid debugging if configure makes a mistake.

It was created by roman_math configure 0.3, which was
generated by GNU Autoconf 2.68.  Invocation command line was

  $ ./configure 

## --------- ##
## Platform. ##
## --------- ##

hostname = precise64
uname -m = x86_64
uname -r = 3.2.0-23-generic
uname -s = Linux
uname -v = #36-Ubuntu SMP Tue Apr 10 20:39:51 UTC 2012

/usr/bin/uname -p = unknown
/bin/uname -X     = unknown

/bin/arch              = unknown
/usr/bin/arch -k       = unknown
/usr/convex/getsysinfo = unknown
/usr/bin/hostinfo      = unknown
/bin/machine           = unknown
/usr/bin/oslevel       = unknown
/bin/universe          = unknown

PATH: /usr/local/sbin
PATH: /usr/local/bin
PATH: /usr/sbin
PATH: /usr/bin
PATH: /sbin
PATH: /bin
PATH: /usr/games
PATH: /opt/vagrant_ruby/bin


## ----------- ##
## Core tests. ##
## ----------- ##

configure:2247: checking for gcc
configure:2263: found /usr/bin/gcc
configure:2274: result: gcc
configure:2503: checking for C compiler version
configure:2512: gcc --version >&5
gcc (Ubuntu/Linaro 4.6.3-1ubuntu5) 4.6.3
Copyright (C) 2011 Free Software Foundation, Inc.
This is free software; see the source for copying conditions.  There is NO
warranty; not even for MERCHANTABILITY or FITNESS FOR A PARTICULAR PURPOSE.

configure:2523: $? = 0
configure:2512: gcc -v >&5
Using built-in specs.
COLLECT_GCC=gcc
COLLECT_LTO_WRAPPER=/usr/lib/gcc/x86_64-linux-gnu/4.6/lto-wrapper
Target: x86_64-linux-gnu
Configured with: ../src/configure -v --with-pkgversion='Ubuntu/Linaro 4.6.3-1ubuntu5' --with-bugurl=file:///usr/share/doc/gcc-4.6/README.Bugs --enable-languages=c,c++,fortran,objc,obj-c++ --prefix=/usr --program-suffix=-4.6 --enable-shared --enable-linker-build-id --with-system-zlib --libexecdir=/usr/lib --without-included-gettext --enable-threads=posix --with-gxx-include-dir=/usr/include/c++/4.6 --libdir=/usr/lib --enable-nls --with-sysroot=/ --enable-clocale=gnu --enable-libstdcxx-debug --enable-libstdcxx-time=yes --enable-gnu-unique-object --enable-plugin --enable-objc-gc --disable-werror --with-arch-32=i686 --with-tune=generic --enable-checking=release --build=x86_64-linux-gnu --host=x86_64-linux-gnu --target=x86_64-linux-gnu
Thread model: posix
gcc version 4.6.3 (Ubuntu/Linaro 4.6.3-1ubuntu5) 
configure:2523: $? = 0
configure:2512: gcc -V >&5
gcc: error: unrecognized option '-V'
gcc: fatal error: no input files
compilation terminated.
configure:2523: $? = 4
configure:2512: gcc -qversion >&5
gcc: error: unrecognized option '-qversion'
gcc: fatal error: no input files
compilation terminated.
configure:2523: $? = 4
configure:2543: checking whether the C compiler works
configure:2565: gcc    conftest.c  >&5
configure:2569: $? = 0
configure:2617: result: yes
configure:2620: checking for C compiler default output file name
configure:2622: result: a.out
configure:2628: checking for suffix of executables
configure:2635: gcc -o conftest    conftest.c  >&5
configure:2639: $? = 0
configure:2661: result: 
configure:2683: checking whether we are cross compiling
configure:2691: gcc -o conftest    conftest.c  >&5
configure:2695: $? = 0
configure:2702: ./conftest
configure:2706: $? = 0
configure:2721: result: no
configure:2726: checking for suffix of object files
configure:2748: gcc -c   conftest.c >&5
configure:2752: $? = 0
configure:2773: result: o
configure:2777: checking whether we are using the GNU C compiler
configure:2796: gcc -c   conftest.c >&5
configure:2796: $? = 0
configure:2805: result: yes
configure:2814: checking whether gcc accepts -g
configure:2834: gcc -c -g  conftest.c >&5
configure:2834: $? = 0
configure:2875: result: yes
configure:2892: checking for gcc option to accept ISO C89
configure:2956: gcc  -c -g -O2  conftest.c >&5
configure:2956: $? = 0
configure:2969: result: none needed
configure:3039: checking for ar
configure:3055: found /usr/bin/ar
configure:3066: result: ar
configure:3092: checking the archiver (ar) interface
configure:3102: gcc -c -g -O2  conftest.c >&5
configure:3102: $? = 0
configure:3104: ar cru libconftest.a conftest.o >&5
configure:3107: $? = 0
configure:3130: result: ar
configure:3203: checking for a BSD-compatible install
configure:3271: result: /usr/bin/install -c
configure:3282: checking whether build environment is sane
configure:3332: result: yes
configure:3357: WARNING: `missing' script is too old or missing
configure:3470: checking for a thread-safe mkdir -p
configure:3509: result: /bin/mkdir -p
configure:3522: checking for gawk
configure:3552: result: no
configure:3522: checking for mawk
configure:3538: found /usr/bin/mawk
configure:3549: result: mawk
configure:3560: checking whether make sets $(MAKE)
configure:3582: result: yes
configure:3612: checking for style of include used by make
configure:3640: result: GNU
configure:3726: checking dependency style of gcc
configure:3837: result: gcc3
configure:3903: checking for gcc
configure:3930: result: gcc
configure:4159: checking for C compiler version
configure:4168: gcc --version >&5
gcc (Ubuntu/Linaro 4.6.3-1ubuntu5) 4.6.3
Copyright (C) 2011 Free Software Foundation, Inc.
This is free software; see the source for copying conditions.  There is NO
warranty; not even for MERCHANTABILITY or FITNESS FOR A PARTICULAR PURPOSE.

configure:4179: $? = 0
configure:4168: gcc -v >&5
Using built-in specs.
COLLECT_GCC=gcc
COLLECT_LTO_WRAPPER=/usr/lib/gcc/x86_64-linux-gnu/4.6/lto-wrapper
Target: x86_64-linux-gnu
Configured with: ../src/configure -v --with-pkgversion='Ubuntu/Linaro 4.6.3-1ubuntu5' --with-bugurl=file:///usr/share/doc/gcc-4.6/README.Bugs --enable-languages=c,c++,fortran,objc,obj-c++ --prefix=/usr --program-suffix=-4.6 --enable-shared --enable-linker-build-id --with-system-zlib --libexecdir=/usr/lib --without-included-gettext --enable-threads=posix --with-gxx-include-dir=/usr/include/c++/4.6 --libdir=/usr/lib --enable-nls --with-sysroot=/ --enable-clocale=gnu --enable-libstdcxx-debug --enable-libstdcxx-time=yes --enable-gnu-unique-object --enable-plugin --enable-objc-gc --disable-werror --with-arch-32=i686 --with-tune=generic --enable-checking=release --build=x86_64-linux-gnu --host=x86_64-linux-gnu --target=x86_64-linux-gnu
Thread model: posix
gcc version 4.6.3 (Ubuntu/Linaro 4.6.3-1ubuntu5) 
configure:4179: $? = 0
configure:4168: gcc -V >&5
gcc: error: unrecognized option '-V'
gcc: fatal error: no input files
compilation terminated.
configure:4179: $? = 4
configure:4168: gcc -qversion >&5
gcc: error: unrecognized option '-qversion'
gcc: fatal error: no input files
compilation terminated.
configure:4179: $? = 4
configure:4183: checking whether we are using the GNU C compiler
configure:4211: result: yes
configure:4220: checking whether gcc accepts -g
configure:4281: result: yes
configure:4298: checking for gcc option to accept ISO C89
configure:4375: result: none needed
configure:4424: checking build system type
configure:4438: result: x86_64-unknown-linux-gnu
configure:4458: checking host system type
configure:4471: result: x86_64-unknown-linux-gnu
configure:4512: checking how to print strings
configure:4539: result: printf
configure:4560: checking for a sed that does not truncate output
configure:4624: result: /bin/sed
configure:4642: checking for grep that handles long lines and -e
configure:4700: result: /bin/grep
configure:4705: checking for egrep
configure:4767: result: /bin/grep -E
configure:4772: checking for fgrep
configure:4834: result: /bin/grep -F
configure:4869: checking for ld used by gcc
configure:4936: result: /usr/bin/ld
configure:4943: checking if the linker (/usr/bin/ld) is GNU ld
configure:4958: result: yes
configure:4970: checking for BSD- or MS-compatible name lister (nm)
configure:5019: result: /usr/bin/nm -B
configure:5149: checking the name lister (/usr/bin/nm -B) interface
configure:5156: gcc -c -g -O2  conftest.c >&5
configure:5159: /usr/bin/nm -B "conftest.o"
configure:5162: output
0000000000000000 B some_variable
configure:5169: result: BSD nm
configure:5172: checking whether ln -s works
configure:5176: result: yes
configure:5184: checking the maximum length of command line arguments
configure:5314: result: 1572864
configure:5331: checking whether the shell understands some XSI constructs
configure:5341: result: yes
configure:5345: checking whether the shell understands "+="
configure:5351: result: yes
configure:5386: checking how to convert x86_64-unknown-linux-gnu file names to x86_64-unknown-linux-gnu format
configure:5426: result: func_convert_file_noop
configure:5433: checking how to convert x86_64-unknown-linux-gnu file names to toolchain format
configure:5453: result: func_convert_file_noop
configure:5460: checking for /usr/bin/ld option to reload object files
configure:5467: result: -r
configure:5541: checking for objdump
configure:5557: found /usr/bin/objdump
configure:5568: result: objdump
configure:5600: checking how to recognize dependent libraries
configure:5802: result: pass_all
configure:5887: checking for dlltool
configure:5917: result: no
configure:5947: checking how to associate runtime and link libraries
configure:5974: result: printf %s\n
configure:6098: checking for archiver @FILE support
configure:6115: gcc -c -g -O2  conftest.c >&5
configure:6115: $? = 0
configure:6118: ar cru libconftest.a @conftest.lst >&5
configure:6121: $? = 0
configure:6126: ar cru libconftest.a @conftest.lst >&5
ar: conftest.o: No such file or directory
configure:6129: $? = 1
configure:6141: result: @
configure:6199: checking for strip
configure:6215: found /usr/bin/strip
configure:6226: result: strip
configure:6298: checking for ranlib
configure:6314: found /usr/bin/ranlib
configure:6325: result: ranlib
configure:6427: checking command to parse /usr/bin/nm -B output from gcc object
configure:6547: gcc -c -g -O2  conftest.c >&5
configure:6550: $? = 0
configure:6554: /usr/bin/nm -B conftest.o \| sed -n -e 's/^.*[ ]\([ABCDGIRSTW][ABCDGIRSTW]*\)[ ][ ]*\([_A-Za-z][_A-Za-z0-9]*\)$/\1 \2 \2/p' | sed '/ __gnu_lto/d' \> conftest.nm
configure:6557: $? = 0
configure:6623: gcc -o conftest -g -O2   conftest.c conftstm.o >&5
configure:6626: $? = 0
configure:6664: result: ok
configure:6701: checking for sysroot
configure:6731: result: no
configure:6808: gcc -c -g -O2  conftest.c >&5
configure:6811: $? = 0
configure:6987: checking for mt
configure:7003: found /bin/mt
configure:7014: result: mt
configure:7037: checking if mt is a manifest tool
configure:7043: mt '-?'
configure:7051: result: no
configure:7693: checking how to run the C preprocessor
configure:7724: gcc -E  conftest.c
configure:7724: $? = 0
configure:7738: gcc -E  conftest.c
conftest.c:11:28: fatal error: ac_nonexistent.h: No such file or directory
compilation terminated.
configure:7738: $? = 1
configure: failed program was:
| /* confdefs.h */
| #define PACKAGE_NAME "roman_math"
| #define PACKAGE_TARNAME "roman_math"
| #define PACKAGE_VERSION "0.3"
| #define PACKAGE_STRING "roman_math 0.3"
| #define PACKAGE_BUGREPORT "check-devel AT lists.sourceforge.net"
| #define PACKAGE_URL ""
| #define PACKAGE "roman_math"
| #define VERSION "0.3"
| /* end confdefs.h.  */
| #include <ac_nonexistent.h>
configure:7763: result: gcc -E
configure:7783: gcc -E  conftest.c
configure:7783: $? = 0
configure:7797: gcc -E  conftest.c
conftest.c:11:28: fatal error: ac_nonexistent.h: No such file or directory
compilation terminated.
configure:7797: $? = 1
configure: failed program was:
| /* confdefs.h */
| #define PACKAGE_NAME "roman_math"
| #define PACKAGE_TARNAME "roman_math"
| #define PACKAGE_VERSION "0.3"
| #define PACKAGE_STRING "roman_math 0.3"
| #define PACKAGE_BUGREPORT "check-devel AT lists.sourceforge.net"
| #define PACKAGE_URL ""
| #define PACKAGE "roman_math"
| #define VERSION "0.3"
| /* end confdefs.h.  */
| #include <ac_nonexistent.h>
configure:7826: checking for ANSI C header files
configure:7846: gcc -c -g -O2  conftest.c >&5
configure:7846: $? = 0
configure:7919: gcc -o conftest -g -O2   conftest.c  >&5
configure:7919: $? = 0
configure:7919: ./conftest
configure:7919: $? = 0
configure:7930: result: yes
configure:7943: checking for sys/types.h
configure:7943: gcc -c -g -O2  conftest.c >&5
configure:7943: $? = 0
configure:7943: result: yes
configure:7943: checking for sys/stat.h
configure:7943: gcc -c -g -O2  conftest.c >&5
configure:7943: $? = 0
configure:7943: result: yes
configure:7943: checking for stdlib.h
configure:7943: gcc -c -g -O2  conftest.c >&5
configure:7943: $? = 0
configure:7943: result: yes
configure:7943: checking for string.h
configure:7943: gcc -c -g -O2  conftest.c >&5
configure:7943: $? = 0
configure:7943: result: yes
configure:7943: checking for memory.h
configure:7943: gcc -c -g -O2  conftest.c >&5
configure:7943: $? = 0
configure:7943: result: yes
configure:7943: checking for strings.h
configure:7943: gcc -c -g -O2  conftest.c >&5
configure:7943: $? = 0
configure:7943: result: yes
configure:7943: checking for inttypes.h
configure:7943: gcc -c -g -O2  conftest.c >&5
configure:7943: $? = 0
configure:7943: result: yes
configure:7943: checking for stdint.h
configure:7943: gcc -c -g -O2  conftest.c >&5
configure:7943: $? = 0
configure:7943: result: yes
configure:7943: checking for unistd.h
configure:7943: gcc -c -g -O2  conftest.c >&5
configure:7943: $? = 0
configure:7943: result: yes
configure:7957: checking for dlfcn.h
configure:7957: gcc -c -g -O2  conftest.c >&5
configure:7957: $? = 0
configure:7957: result: yes
configure:8163: checking for objdir
configure:8178: result: .libs
configure:8445: checking if gcc supports -fno-rtti -fno-exceptions
configure:8463: gcc -c -g -O2  -fno-rtti -fno-exceptions conftest.c >&5
cc1: warning: command line option '-fno-rtti' is valid for C++/ObjC++ but not for C [enabled by default]
configure:8467: $? = 0
configure:8480: result: no
configure:8807: checking for gcc option to produce PIC
configure:8814: result: -fPIC -DPIC
configure:8822: checking if gcc PIC flag -fPIC -DPIC works
configure:8840: gcc -c -g -O2  -fPIC -DPIC -DPIC conftest.c >&5
configure:8844: $? = 0
configure:8857: result: yes
configure:8886: checking if gcc static flag -static works
configure:8914: result: yes
configure:8929: checking if gcc supports -c -o file.o
configure:8950: gcc -c -g -O2  -o out/conftest2.o conftest.c >&5
configure:8954: $? = 0
configure:8976: result: yes
configure:8984: checking if gcc supports -c -o file.o
configure:9031: result: yes
configure:9064: checking whether the gcc linker (/usr/bin/ld -m elf_x86_64) supports shared libraries
configure:10221: result: yes
configure:10258: checking whether -lc should be explicitly linked in
configure:10266: gcc -c -g -O2  conftest.c >&5
configure:10269: $? = 0
configure:10284: gcc -shared  -fPIC -DPIC conftest.o  -v -Wl,-soname -Wl,conftest -o conftest 2\>\&1 \| /bin/grep  -lc  \>/dev/null 2\>\&1
configure:10287: $? = 0
configure:10301: result: no
configure:10461: checking dynamic linker characteristics
configure:10972: gcc -o conftest -g -O2   -Wl,-rpath -Wl,/foo conftest.c  >&5
configure:10972: $? = 0
configure:11206: result: GNU/Linux ld.so
configure:11313: checking how to hardcode library paths into programs
configure:11338: result: immediate
configure:11878: checking whether stripping libraries is possible
configure:11883: result: yes
configure:11918: checking if libtool supports shared libraries
configure:11920: result: yes
configure:11923: checking whether to build shared libraries
configure:11944: result: yes
configure:11947: checking whether to build static libraries
configure:11951: result: yes
configure:12045: checking for pkg-config
configure:12063: found /usr/bin/pkg-config
configure:12075: result: /usr/bin/pkg-config
configure:12100: checking pkg-config is at least version 0.9.0
configure:12103: result: yes
configure:12113: checking for CHECK
configure:12120: $PKG_CONFIG --exists --print-errors "check >= 0.9.6"
configure:12123: $? = 0
configure:12137: $PKG_CONFIG --exists --print-errors "check >= 0.9.6"
configure:12140: $? = 0
configure:12198: result: yes
configure:12203: checking whether gcc and cc understand -c and -o together
configure:12234: gcc -c conftest.c -o conftest2.o >&5
configure:12238: $? = 0
configure:12244: gcc -c conftest.c -o conftest2.o >&5
configure:12248: $? = 0
configure:12259: cc -c conftest.c >&5
configure:12263: $? = 0
configure:12271: cc -c conftest.c -o conftest2.o >&5
configure:12275: $? = 0
configure:12281: cc -c conftest.c -o conftest2.o >&5
configure:12285: $? = 0
configure:12303: result: yes
configure:12330: checking for ANSI C header files
configure:12434: result: yes
configure:12444: checking for stdlib.h
configure:12444: result: yes
configure:12460: checking for stdlib.h
configure:12460: result: yes
configure:12470: checking for GNU libc compatible malloc
configure:12494: gcc -o conftest -g -O2   conftest.c  >&5
configure:12494: $? = 0
configure:12494: ./conftest
configure:12494: $? = 0
configure:12504: result: yes
configure:12663: creating ./config.status

## ---------------------- ##
## Running config.status. ##
## ---------------------- ##

This file was extended by roman_math config.status 0.3, which was
generated by GNU Autoconf 2.68.  Invocation command line was

  CONFIG_FILES    = 
  CONFIG_HEADERS  = 
  CONFIG_LINKS    = 
  CONFIG_COMMANDS = 
  $ ./config.status 

on precise64

config.status:1099: creating Makefile
config.status:1099: creating src/Makefile
config.status:1099: creating tests/Makefile
config.status:1099: creating config.h
config.status:1280: config.h is unchanged
config.status:1328: executing depfiles commands
config.status:1328: executing libtool commands

## ---------------- ##
## Cache variables. ##
## ---------------- ##

ac_cv_build=x86_64-unknown-linux-gnu
ac_cv_c_compiler_gnu=yes
ac_cv_env_CC_set=
ac_cv_env_CC_value=
ac_cv_env_CFLAGS_set=
ac_cv_env_CFLAGS_value=
ac_cv_env_CHECK_CFLAGS_set=
ac_cv_env_CHECK_CFLAGS_value=
ac_cv_env_CHECK_LIBS_set=
ac_cv_env_CHECK_LIBS_value=
ac_cv_env_CPPFLAGS_set=
ac_cv_env_CPPFLAGS_value=
ac_cv_env_CPP_set=
ac_cv_env_CPP_value=
ac_cv_env_LDFLAGS_set=
ac_cv_env_LDFLAGS_value=
ac_cv_env_LIBS_set=
ac_cv_env_LIBS_value=
ac_cv_env_PKG_CONFIG_LIBDIR_set=
ac_cv_env_PKG_CONFIG_LIBDIR_value=
ac_cv_env_PKG_CONFIG_PATH_set=
ac_cv_env_PKG_CONFIG_PATH_value=
ac_cv_env_PKG_CONFIG_set=
ac_cv_env_PKG_CONFIG_value=
ac_cv_env_build_alias_set=
ac_cv_env_build_alias_value=
ac_cv_env_host_alias_set=
ac_cv_env_host_alias_value=
ac_cv_env_target_alias_set=
ac_cv_env_target_alias_value=
ac_cv_func_malloc_0_nonnull=yes
ac_cv_header_dlfcn_h=yes
ac_cv_header_inttypes_h=yes
ac_cv_header_memory_h=yes
ac_cv_header_stdc=yes
ac_cv_header_stdint_h=yes
ac_cv_header_stdlib_h=yes
ac_cv_header_string_h=yes
ac_cv_header_strings_h=yes
ac_cv_header_sys_stat_h=yes
ac_cv_header_sys_types_h=yes
ac_cv_header_unistd_h=yes
ac_cv_host=x86_64-unknown-linux-gnu
ac_cv_objext=o
ac_cv_path_EGREP='/bin/grep -E'
ac_cv_path_FGREP='/bin/grep -F'
ac_cv_path_GREP=/bin/grep
ac_cv_path_SED=/bin/sed
ac_cv_path_ac_pt_PKG_CONFIG=/usr/bin/pkg-config
ac_cv_path_install='/usr/bin/install -c'
ac_cv_path_mkdir=/bin/mkdir
ac_cv_prog_AWK=mawk
ac_cv_prog_CPP='gcc -E'
ac_cv_prog_ac_ct_AR=ar
ac_cv_prog_ac_ct_CC=gcc
ac_cv_prog_ac_ct_MANIFEST_TOOL=mt
ac_cv_prog_ac_ct_OBJDUMP=objdump
ac_cv_prog_ac_ct_RANLIB=ranlib
ac_cv_prog_ac_ct_STRIP=strip
ac_cv_prog_cc_c89=
ac_cv_prog_cc_g=yes
ac_cv_prog_cc_gcc_c_o=yes
ac_cv_prog_make_make_set=yes
am_cv_CC_dependencies_compiler_type=gcc3
am_cv_ar_interface=ar
lt_cv_ar_at_file=@
lt_cv_archive_cmds_need_lc=no
lt_cv_deplibs_check_method=pass_all
lt_cv_file_magic_cmd='$MAGIC_CMD'
lt_cv_file_magic_test_file=
lt_cv_ld_reload_flag=-r
lt_cv_nm_interface='BSD nm'
lt_cv_objdir=.libs
lt_cv_path_LD=/usr/bin/ld
lt_cv_path_NM='/usr/bin/nm -B'
lt_cv_path_mainfest_tool=no
lt_cv_prog_compiler_c_o=yes
lt_cv_prog_compiler_pic='-fPIC -DPIC'
lt_cv_prog_compiler_pic_works=yes
lt_cv_prog_compiler_rtti_exceptions=no
lt_cv_prog_compiler_static_works=yes
lt_cv_prog_gnu_ld=yes
lt_cv_sharedlib_from_linklib_cmd='printf %s\n'
lt_cv_shlibpath_overrides_runpath=no
lt_cv_sys_global_symbol_pipe='sed -n -e '\''s/^.*[	 ]\([ABCDGIRSTW][ABCDGIRSTW]*\)[	 ][	 ]*\([_A-Za-z][_A-Za-z0-9]*\)$/\1 \2 \2/p'\'' | sed '\''/ __gnu_lto/d'\'''
lt_cv_sys_global_symbol_to_c_name_address='sed -n -e '\''s/^: \([^ ]*\)[ ]*$/  {\"\1\", (void *) 0},/p'\'' -e '\''s/^[ABCDGIRSTW]* \([^ ]*\) \([^ ]*\)$/  {"\2", (void *) \&\2},/p'\'''
lt_cv_sys_global_symbol_to_c_name_address_lib_prefix='sed -n -e '\''s/^: \([^ ]*\)[ ]*$/  {\"\1\", (void *) 0},/p'\'' -e '\''s/^[ABCDGIRSTW]* \([^ ]*\) \(lib[^ ]*\)$/  {"\2", (void *) \&\2},/p'\'' -e '\''s/^[ABCDGIRSTW]* \([^ ]*\) \([^ ]*\)$/  {"lib\2", (void *) \&\2},/p'\'''
lt_cv_sys_global_symbol_to_cdecl='sed -n -e '\''s/^T .* \(.*\)$/extern int \1();/p'\'' -e '\''s/^[ABCDGIRSTW]* .* \(.*\)$/extern char \1;/p'\'''
lt_cv_sys_max_cmd_len=1572864
lt_cv_to_host_file_cmd=func_convert_file_noop
lt_cv_to_tool_file_cmd=func_convert_file_noop
pkg_cv_CHECK_CFLAGS='-pthread -I/usr/local/include  '
pkg_cv_CHECK_LIBS='-L/usr/local/lib -lcheck  '

## ----------------- ##
## Output variables. ##
## ----------------- ##

ACLOCAL='aclocal-1.11'
AMDEPBACKSLASH='\'
AMDEP_FALSE='#'
AMDEP_TRUE=''
AMTAR='$${TAR-tar}'
AR='ar'
AUTOCONF='autoconf'
AUTOHEADER='autoheader'
AUTOMAKE='automake-1.11'
AWK='mawk'
CC='gcc'
CCDEPMODE='depmode=gcc3'
CFLAGS='-g -O2'
CHECK_CFLAGS='-pthread -I/usr/local/include  '
CHECK_LIBS='-L/usr/local/lib -lcheck  '
CPP='gcc -E'
CPPFLAGS=''
CYGPATH_W='echo'
DEFS='-DHAVE_CONFIG_H'
DEPDIR='.deps'
DLLTOOL='false'
DSYMUTIL=''
DUMPBIN=''
ECHO_C=''
ECHO_N='-n'
ECHO_T=''
EGREP='/bin/grep -E'
EXEEXT=''
FGREP='/bin/grep -F'
GREP='/bin/grep'
INSTALL_DATA='${INSTALL} -m 644'
INSTALL_PROGRAM='${INSTALL}'
INSTALL_SCRIPT='${INSTALL}'
INSTALL_STRIP_PROGRAM='$(install_sh) -c -s'
LD='/usr/bin/ld -m elf_x86_64'
LDFLAGS=''
LIBOBJS=''
LIBS=''
LIBTOOL='$(SHELL) $(top_builddir)/libtool'
LIPO=''
LN_S='ln -s'
LTLIBOBJS=''
MAKEINFO='makeinfo'
MANIFEST_TOOL=':'
MKDIR_P='/bin/mkdir -p'
NM='/usr/bin/nm -B'
NMEDIT=''
OBJDUMP='objdump'
OBJEXT='o'
OTOOL64=''
OTOOL=''
PACKAGE='roman_math'
PACKAGE_BUGREPORT='check-devel AT lists.sourceforge.net'
PACKAGE_NAME='roman_math'
PACKAGE_STRING='roman_math 0.3'
PACKAGE_TARNAME='roman_math'
PACKAGE_URL=''
PACKAGE_VERSION='0.3'
PATH_SEPARATOR=':'
PKG_CONFIG='/usr/bin/pkg-config'
PKG_CONFIG_LIBDIR=''
PKG_CONFIG_PATH=''
RANLIB='ranlib'
SED='/bin/sed'
SET_MAKE=''
SHELL='/bin/bash'
STRIP='strip'
VERSION='0.3'
ac_ct_AR='ar'
ac_ct_CC='gcc'
ac_ct_DUMPBIN=''
am__EXEEXT_FALSE=''
am__EXEEXT_TRUE='#'
am__fastdepCC_FALSE='#'
am__fastdepCC_TRUE=''
am__include='include'
am__isrc=''
am__leading_dot='.'
am__nodep='_no'
am__quote=''
am__tar='$${TAR-tar} chof - "$$tardir"'
am__untar='$${TAR-tar} xf -'
bindir='${exec_prefix}/bin'
build='x86_64-unknown-linux-gnu'
build_alias=''
build_cpu='x86_64'
build_os='linux-gnu'
build_vendor='unknown'
datadir='${datarootdir}'
datarootdir='${prefix}/share'
docdir='${datarootdir}/doc/${PACKAGE_TARNAME}'
dvidir='${docdir}'
exec_prefix='${prefix}'
host='x86_64-unknown-linux-gnu'
host_alias=''
host_cpu='x86_64'
host_os='linux-gnu'
host_vendor='unknown'
htmldir='${docdir}'
includedir='${prefix}/include'
infodir='${datarootdir}/info'
install_sh='${SHELL} /home/vagrant/install-sh'
libdir='${exec_prefix}/lib'
libexecdir='${exec_prefix}/libexec'
localedir='${datarootdir}/locale'
localstatedir='${prefix}/var'
mandir='${datarootdir}/man'
mkdir_p='/bin/mkdir -p'
oldincludedir='/usr/include'
pdfdir='${docdir}'
prefix='/usr/local'
program_transform_name='s,x,x,'
psdir='${docdir}'
sbindir='${exec_prefix}/sbin'
sharedstatedir='${prefix}/com'
sysconfdir='${prefix}/etc'
target_alias=''

## ----------- ##
## confdefs.h. ##
## ----------- ##

/* confdefs.h */
#define PACKAGE_NAME "roman_math"
#define PACKAGE_TARNAME "roman_math"
#define PACKAGE_VERSION "0.3"
#define PACKAGE_STRING "roman_math 0.3"
#define PACKAGE_BUGREPORT "check-devel AT lists.sourceforge.net"
#define PACKAGE_URL ""
#define PACKAGE "roman_math"
#define VERSION "0.3"
#define STDC_HEADERS 1
#define HAVE_SYS_TYPES_H 1
#define HAVE_SYS_STAT_H 1
#define HAVE_STDLIB_H 1
#define HAVE_STRING_H 1
#define HAVE_MEMORY_H 1
#define HAVE_STRINGS_H 1
#define HAVE_INTTYPES_H 1
#define HAVE_STDINT_H 1
#define HAVE_UNISTD_H 1
#define HAVE_DLFCN_H 1
#define LT_OBJDIR ".libs/"
#define STDC_HEADERS 1
#define HAVE_STDLIB_H 1
#define HAVE_STDLIB_H 1
#define HAVE_MALLOC 1

configure: exit 0
